<?xml version="1.0" encoding="UTF-8"?>
<testng-results skipped="0" failed="0" total="1" passed="1">
  <reporter-output>
  </reporter-output>
  <suite name="Default suite" duration-ms="67" started-at="2013-12-23T13:09:37Z" finished-at="2013-12-23T13:09:37Z">
    <groups>
    </groups>
    <test name="Default test" duration-ms="67" started-at="2013-12-23T13:09:37Z" finished-at="2013-12-23T13:09:37Z">
      <class name="de.yamuza.tools.vdj_db_exporter.MainTest">
        <test-method status="PASS" signature="testFormatComment()[pri:0, instance:de.yamuza.tools.vdj_db_exporter.MainTest@1ad8ce8f]" name="testFormatComment" duration-ms="47" started-at="2013-12-23T14:09:37Z" finished-at="2013-12-23T14:09:37Z">
          <reporter-output>
          </reporter-output>
        </test-method> <!-- testFormatComment -->
      </class> <!-- de.yamuza.tools.vdj_db_exporter.MainTest -->
    </test> <!-- Default test -->
  </suite> <!-- Default suite -->
</testng-results>
